Flow report for computer
Sat Jun 23 00:51:12 2018
Quartus II 64-Bit Version 13.0.0 Build 156 04/24/2013 SJ Web Edition


---------------------
; Table of Contents ;
---------------------
  1. Legal Notice
  2. Flow Summary
  3. Flow Settings
  4. Flow Non-Default Global Settings
  5. Flow Elapsed Time
  6. Flow OS Summary
  7. Flow Log
  8. Flow Messages
  9. Flow Suppressed Messages



----------------
; Legal Notice ;
----------------
Copyright (C) 1991-2013 Altera Corporation
Your use of Altera Corporation's design tools, logic functions 
and other software and tools, and its AMPP partner logic 
functions, and any output files from any of the foregoing 
(including device programming or simulation files), and any 
associated documentation or information are expressly subject 
to the terms and conditions of the Altera Program License 
Subscription Agreement, Altera MegaCore Function License 
Agreement, or other applicable license agreement, including, 
without limitation, that your use is for the sole purpose of 
programming logic devices manufactured by Altera and sold by 
Altera or its authorized distributors.  Please refer to the 
applicable agreement for further details.



+---------------------------------------------------------------------------------+
; Flow Summary                                                                    ;
+------------------------------------+--------------------------------------------+
; Flow Status                        ; Successful - Sat Jun 23 00:51:12 2018      ;
; Quartus II 64-Bit Version          ; 13.0.0 Build 156 04/24/2013 SJ Web Edition ;
; Revision Name                      ; computer                                   ;
; Top-level Entity Name              ; computer                                   ;
; Family                             ; Cyclone IV E                               ;
; Device                             ; EP4CE22F17C6                               ;
; Timing Models                      ; Final                                      ;
; Total logic elements               ; 6,112 / 22,320 ( 27 % )                    ;
;     Total combinational functions  ; 6,078 / 22,320 ( 27 % )                    ;
;     Dedicated logic registers      ; 596 / 22,320 ( 3 % )                       ;
; Total registers                    ; 596                                        ;
; Total pins                         ; 87 / 154 ( 56 % )                          ;
; Total virtual pins                 ; 0                                          ;
; Total memory bits                  ; 524,288 / 608,256 ( 86 % )                 ;
; Embedded Multiplier 9-bit elements ; 2 / 132 ( 2 % )                            ;
; Total PLLs                         ; 0 / 4 ( 0 % )                              ;
+------------------------------------+--------------------------------------------+


+-----------------------------------------+
; Flow Settings                           ;
+-------------------+---------------------+
; Option            ; Setting             ;
+-------------------+---------------------+
; Start date & time ; 06/23/2018 00:48:45 ;
; Main task         ; Compilation         ;
; Revision Name     ; computer            ;
+-------------------+---------------------+


+----------------------------------------------------------------------------------------------------------------------+
; Flow Non-Default Global Settings                                                                                     ;
+-------------------------------------+---------------------------------+---------------+-------------+----------------+
; Assignment Name                     ; Value                           ; Default Value ; Entity Name ; Section Id     ;
+-------------------------------------+---------------------------------+---------------+-------------+----------------+
; COMPILER_SIGNATURE_ID               ; 256051842079848.152970772508412 ; --            ; --          ; --             ;
; EDA_OUTPUT_DATA_FORMAT              ; Systemverilog Hdl               ; --            ; --          ; eda_simulation ;
; EDA_SIMULATION_TOOL                 ; ModelSim-Altera (SystemVerilog) ; <None>        ; --          ; --             ;
; PARTITION_COLOR                     ; 16764057                        ; --            ; --          ; Top            ;
; PARTITION_FITTER_PRESERVATION_LEVEL ; PLACEMENT_AND_ROUTING           ; --            ; --          ; Top            ;
; PARTITION_NETLIST_TYPE              ; SOURCE                          ; --            ; --          ; Top            ;
; VERILOG_INPUT_VERSION               ; SystemVerilog_2005              ; Verilog_2001  ; --          ; --             ;
; VERILOG_SHOW_LMF_MAPPING_MESSAGES   ; Off                             ; --            ; --          ; --             ;
; VHDL_INPUT_VERSION                  ; VHDL_2008                       ; VHDL_1993     ; --          ; --             ;
; VHDL_SHOW_LMF_MAPPING_MESSAGES      ; Off                             ; --            ; --          ; --             ;
+-------------------------------------+---------------------------------+---------------+-------------+----------------+


+-------------------------------------------------------------------------------------------------------------------------------+
; Flow Elapsed Time                                                                                                             ;
+---------------------------+--------------+-------------------------+---------------------+------------------------------------+
; Module Name               ; Elapsed Time ; Average Processors Used ; Peak Virtual Memory ; Total CPU Time (on all processors) ;
+---------------------------+--------------+-------------------------+---------------------+------------------------------------+
; Analysis & Synthesis      ; 00:01:09     ; 1.0                     ; 4654 MB             ; 00:01:09                           ;
; Fitter                    ; 00:00:49     ; 1.0                     ; 5043 MB             ; 00:00:49                           ;
; Assembler                 ; 00:00:02     ; 1.0                     ; 4592 MB             ; 00:00:02                           ;
; TimeQuest Timing Analyzer ; 00:00:08     ; 1.0                     ; 4722 MB             ; 00:00:08                           ;
; EDA Netlist Writer        ; 00:00:12     ; 1.0                     ; 4611 MB             ; 00:00:10                           ;
; Total                     ; 00:02:20     ; --                      ; --                  ; 00:02:18                           ;
+---------------------------+--------------+-------------------------+---------------------+------------------------------------+


+----------------------------------------------------------------------------------------+
; Flow OS Summary                                                                        ;
+---------------------------+------------------+-----------+------------+----------------+
; Module Name               ; Machine Hostname ; OS Name   ; OS Version ; Processor type ;
+---------------------------+------------------+-----------+------------+----------------+
; Analysis & Synthesis      ; maja             ; Windows 7 ; 6.2        ; x86_64         ;
; Fitter                    ; maja             ; Windows 7 ; 6.2        ; x86_64         ;
; Assembler                 ; maja             ; Windows 7 ; 6.2        ; x86_64         ;
; TimeQuest Timing Analyzer ; maja             ; Windows 7 ; 6.2        ; x86_64         ;
; EDA Netlist Writer        ; maja             ; Windows 7 ; 6.2        ; x86_64         ;
+---------------------------+------------------+-----------+------------+----------------+


------------
; Flow Log ;
------------
quartus_map --read_settings_files=on --write_settings_files=off computer -c computer
quartus_fit --read_settings_files=off --write_settings_files=off computer -c computer
quartus_asm --read_settings_files=off --write_settings_files=off computer -c computer
quartus_sta computer -c computer
quartus_eda --read_settings_files=off --write_settings_files=off computer -c computer



